\BOOKMARK [1][-]{section*.1}{\376\377\000=\000W\000a\000h\000r\000s\000c\000h\000e\000i\000n\000l\000i\000c\000h\000k\000e\000i\000t}{}% 1
\BOOKMARK [2][-]{subsection*.2}{\376\377\000\040\000=\000G\000r\000u\000n\000d\000b\000e\000g\000r\000i\000f\000f\000e\000\040}{section*.1}% 2
\BOOKMARK [2][-]{subsection*.3}{\376\377\000\040\000=\000U\000n\000a\000b\000h\000\344\000n\000g\000i\000g\000k\000e\000i\000t\000\040}{section*.1}% 3
\BOOKMARK [1][-]{section*.4}{\376\377\000=\000Z\000u\000v\000a\000l\000l\000s\000v\000a\000r\000i\000a\000b\000l\000e\000n}{}% 4
\BOOKMARK [2][-]{subsection*.5}{\376\377\000\040\000=\000A\000l\000l\000g\000e\000m\000e\000i\000n\000\040}{section*.4}% 5
\BOOKMARK [2][-]{subsection*.6}{\376\377\000\040\000=\000G\000e\000w\000i\000c\000h\000t\000s\000f\000u\000n\000k\000t\000i\000o\000n\000\040\000\050\000p\000m\000f\000\051\000\040}{section*.4}% 6
\BOOKMARK [2][-]{subsection*.7}{\376\377\000\040\000=\000V\000e\000r\000t\000e\000i\000l\000u\000n\000g\000s\000f\000u\000n\000k\000t\000i\000o\000n\000\040\000\050\000c\000d\000f\000\051\000\040}{section*.4}% 7
\BOOKMARK [2][-]{subsection*.8}{\376\377\000\040\000=\000I\000n\000v\000e\000r\000s\000e\000\040}{section*.4}% 8
\BOOKMARK [2][-]{subsection*.9}{\376\377\000\040\000=\000Z\000u\000s\000a\000m\000m\000e\000n\000g\000e\000s\000e\000t\000z\000t\000e\000\040}{section*.4}% 9
\BOOKMARK [1][-]{section*.10}{\376\377\000=\000V\000e\000r\000t\000e\000i\000l\000u\000n\000g\000e\000n}{}% 10
\BOOKMARK [2][-]{subsection*.11}{\376\377\000\040\000=\000B\000e\000r\000n\000o\000u\000l\000l\000i\000\040\000\050\000X\000\040\000B\000e\000r\000\050\000p\000\051\000\051\000\040}{section*.10}% 11
\BOOKMARK [2][-]{subsection*.12}{\376\377\000\040\000=\000B\000i\000n\000o\000m\000i\000a\000l\000\040\000\050\000X\000\040\000B\000i\000n\000\050\000n\000,\000\040\000p\000\051\000\051\000\040}{section*.10}% 12
\BOOKMARK [2][-]{subsection*.13}{\376\377\000\040\000=\000G\000e\000o\000m\000e\000t\000r\000i\000s\000c\000h\000\040\000\050\000X\000\040\000G\000e\000o\000\050\000p\000\051\000\051\000\040}{section*.10}% 13
\BOOKMARK [2][-]{subsection*.14}{\376\377\000\040\000=\000P\000o\000i\000s\000s\000o\000n\000\040\000\050\000X\000\040\000P\000o\000i\000\050\000\051\000\051\000\040}{section*.10}% 14
\BOOKMARK [2][-]{subsection*.15}{\376\377\000\040\000=\000G\000l\000e\000i\000c\000h\000v\000e\000r\000t\000e\000i\000l\000t\000\040\000\050\000X\000\040\000U\000\050\000[\000a\000,\000b\000]\000\051\000\051\000\040}{section*.10}% 15
\BOOKMARK [2][-]{subsection*.16}{\376\377\000\040\000=\000E\000x\000p\000o\000n\000e\000n\000t\000i\000a\000l\000\040\000\050\000X\000E\000x\000p\000\050\000\051\000\051\000\040\000\040}{section*.10}% 16
\BOOKMARK [2][-]{subsection*.17}{\376\377\000\040\000=\000N\000o\000r\000m\000a\000l\000\040\000\050\000X\000\040\000N\000\050\000,\000\040\0002\000\051\000\051\000\040}{section*.10}% 17
\BOOKMARK [2][-]{subsection*.18}{\376\377\000\040\000=\000C\000h\000i\000-\000Q\000u\000a\000d\000r\000a\000t\000-\000V\000e\000r\000t\000e\000i\000l\000u\000n\000g\000\040\000\050\000\040\000X\0002\000\051\000\040}{section*.10}% 18
\BOOKMARK [2][-]{subsection*.19}{\376\377\000\040\000=\000E\000x\000t\000r\000e\000m\000w\000e\000r\000t\000v\000e\000r\000t\000e\000i\000l\000t\000\040\000\050\000\040\000X\0002\000\051\000\040}{section*.10}% 19
\BOOKMARK [2][-]{subsection*.20}{\376\377\000\040\000=\000K\000o\000m\000p\000o\000s\000i\000t\000i\000o\000n\000e\000n\000\040}{section*.10}% 20
\BOOKMARK [1][-]{section*.21}{\376\377\000=\000E\000r\000w\000a\000r\000t\000u\000n\000g\000s\000w\000e\000r\000t}{}% 21
\BOOKMARK [2][-]{subsection*.22}{\376\377\000\040\000=\000D\000i\000s\000k\000r\000e\000t\000\040}{section*.21}% 22
\BOOKMARK [2][-]{subsection*.23}{\376\377\000\040\000=\000S\000t\000e\000t\000i\000g\000\040}{section*.21}% 23
\BOOKMARK [2][-]{subsection*.24}{\376\377\000\040\000=\000E\000i\000g\000e\000n\000s\000c\000h\000a\000f\000t\000e\000n\000\040}{section*.21}% 24
\BOOKMARK [2][-]{subsection*.25}{\376\377\000\040\000=\000U\000n\000a\000b\000h\000\344\000n\000g\000i\000g\000k\000e\000i\000t\000\040}{section*.21}% 25
\BOOKMARK [2][-]{subsection*.26}{\376\377\000\040\000=\000U\000n\000g\000l\000e\000i\000c\000h\000u\000n\000g\000e\000n\000\040}{section*.21}% 26
\BOOKMARK [1][-]{section*.27}{\376\377\000=\000V\000a\000r\000i\000a\000n\000z}{}% 27
\BOOKMARK [2][-]{subsection*.28}{\376\377\000\040\000=\000E\000i\000g\000e\000n\000s\000c\000h\000a\000f\000t\000e\000n\000\040}{section*.27}% 28
\BOOKMARK [2][-]{subsection*.29}{\376\377\000\040\000=\000K\000o\000v\000a\000r\000i\000a\000n\000z\000\040}{section*.27}% 29
\BOOKMARK [2][-]{subsection*.30}{\376\377\000\040\000=\000Z\000u\000s\000a\000m\000m\000e\000n\000g\000e\000s\000e\000t\000z\000t\000e\000\040}{section*.27}% 30
\BOOKMARK [1][-]{section*.31}{\376\377\000=\000G\000e\000m\000e\000i\000n\000s\000a\000m\000e\000\040\000V\000e\000r\000t\000e\000i\000l\000u\000n\000g\000e\000n}{}% 31
\BOOKMARK [2][-]{subsection*.32}{\376\377\000\040\000=\000D\000i\000s\000k\000r\000e\000t\000\040}{section*.31}% 32
\BOOKMARK [2][-]{subsection*.33}{\376\377\000\040\000=\000S\000t\000e\000t\000i\000g\000\040}{section*.31}% 33
\BOOKMARK [1][-]{section*.34}{\376\377\000=\000G\000r\000e\000n\000z\000w\000e\000r\000t\000s\000\344\000t\000z\000e}{}% 34
\BOOKMARK [1][-]{section*.35}{\376\377\000=\000S\000t\000a\000t\000i\000s\000t\000i\000k}{}% 35
\BOOKMARK [1][-]{section*.36}{\376\377\000=\000T\000e\000s\000t\000i\000n\000g}{}% 36
\BOOKMARK [1][-]{section*.37}{\376\377\000=\000A\000u\000f\000g\000a\000b\000e\000n}{}% 37
\BOOKMARK [1][-]{section*.38}{\376\377\000=\000A\000n\000a\000l\000y\000s\000i\000s}{}% 38
\BOOKMARK [2][-]{subsection*.39}{\376\377\000A\000b\000l\000e\000i\000t\000u\000n\000g\000e\000n}{section*.38}% 39
\BOOKMARK [2][-]{subsection*.40}{\376\377\000I\000n\000t\000e\000g\000r\000a\000l\000e}{section*.38}% 40
\BOOKMARK [2][-]{subsection*.41}{\376\377\000\040\000=\000A\000u\000f\000g\000a\000b\000e\000\040\0001\000\040}{section*.38}% 41
